Log file open, 12/03/15 09:21:06
LogInit:Display: Running engine for game: ObjectOutline
LogInit: Version: 4.7.6-2513093+++depot+UE4-Releases+4.7
LogInit: API Version: 2455222
LogInit: Compiled (64-bit): Apr 15 2015 12:09:54
LogInit: Compiled with Visual C++: 18.00.21005.01
LogInit: Build Configuration: Development
LogInit: Branch Name: ++depot+UE4-Releases+4.7
LogInit: Command line: 
LogInit: Base directory: C:/Program Files/Epic Games/4.7/Engine/Binaries/Win64/
LogInit: Rocket: 1
[2015.12.03-17.21.06:830][  0]LogTaskGraph: Started task graph with 3 named threads and 6 total threads.
[2015.12.03-17.21.06:902][  0]LogOnline:Warning: No default platform service specified for OnlineSubsystem
[2015.12.03-17.21.06:936][  0]LogInit: Presizing for 0 objects not considered by GC, pre-allocating 0 bytes.
[2015.12.03-17.21.06:953][  0]LogInit: Object subsystem initialized
[2015.12.03-17.21.06:955][  0]LogConsoleResponse:Warning: Skipping Unknown console variable: 'TranslucentSortAxis = (X=0.000000,Y=-1.000000,Z=0.000000)'
[2015.12.03-17.21.06:955][  0]LogConsoleResponse:Warning:   Found in ini file 'D:/It's Bedtime/trunk/Saved/Config/Windows/Engine.ini', in section '[/Script/Engine.RendererSettings]'
[2015.12.03-17.21.06:955][  0]LogConsoleResponse:Warning: Skipping Unknown console variable: 'UIScaleRule = ShortestSide'
[2015.12.03-17.21.06:955][  0]LogConsoleResponse:Warning:   Found in ini file 'D:/It's Bedtime/trunk/Saved/Config/Windows/Engine.ini', in section '[/Script/Engine.RendererSettings]'
[2015.12.03-17.21.06:955][  0]LogConsoleResponse:Warning: Skipping Unknown console variable: 'UIScaleCurve = (EditorCurveData=(Keys=),ExternalCurve=None)'
[2015.12.03-17.21.06:955][  0]LogConsoleResponse:Warning:   Found in ini file 'D:/It's Bedtime/trunk/Saved/Config/Windows/Engine.ini', in section '[/Script/Engine.RendererSettings]'
[2015.12.03-17.21.06:956][  0]LogInit: Selected Device Profile: [Windows]
[2015.12.03-17.21.06:956][  0]LogInit: Applying CVar settings loaded from the selected device profile: [Windows]
[2015.12.03-17.21.06:960][  0]LogInit: Computer: AI911LAB235P012
[2015.12.03-17.21.06:960][  0]LogInit: User: 173907
[2015.12.03-17.21.06:960][  0]LogInit: CPU Page size=4096, Cores=4
[2015.12.03-17.21.06:960][  0]LogInit: High frequency timer resolution =3.410117 MHz
[2015.12.03-17.21.06:960][  0]LogMemory: Memory total: Physical=15.9GB (16GB approx) Virtual=8192.0GB
[2015.12.03-17.21.06:961][  0]LogMemory: Platform Memory Stats for Windows
[2015.12.03-17.21.06:961][  0]LogMemory: Process Physical Memory: 48.27 MB used, 48.27 MB peak
[2015.12.03-17.21.06:961][  0]LogMemory: Process Virtual Memory: 28.38 MB used, 28.38 MB peak
[2015.12.03-17.21.06:961][  0]LogMemory: Physical Memory: 5231.39 MB used, 16291.31 MB total
[2015.12.03-17.21.06:961][  0]LogMemory: Virtual Memory: 280.51 MB used, 8388608.00 MB total
[2015.12.03-17.21.07:016][  0]LogD3D11RHI: Found D3D11 adapter 0: NVIDIA GeForce GTX 970 (Feature Level 11_0)
[2015.12.03-17.21.07:016][  0]LogD3D11RHI: Adapter has 4008MB of dedicated video memory, 0MB of dedicated system memory, and 7889MB of shared system memory, 1 output[s]
[2015.12.03-17.21.07:016][  0]LogD3D11RHI: Chosen D3D11 Adapter Id = 0
[2015.12.03-17.21.07:022][  0]LogRHI: Texture pool is 1361 MB (70% of 1945 MB)
[2015.12.03-17.21.07:034][  0]LogD3D11RHI: Async texture creation enabled
[2015.12.03-17.21.07:102][  0]LogTextLocalizationManager: The requested culture ('en_US') has no localization data; parent culture's ('en') localization data will be used.
[2015.12.03-17.21.07:161][  0]LogTextLocalizationManager:Warning: Loading localization resources contain conflicting entries for (Namespace:UICommands, Key:Save_ToolTip):
Resource: (C:/Program Files/Epic Games/4.7/Engine/Content/Localization/Editor/en/Editor.locres) Hash: (-29098895) String: (Saves the current level to disk)
Resource: (C:/Program Files/Epic Games/4.7/Engine/Content/Localization/Engine/en/Engine.locres) Hash: (-1280300587) String: (Save selected data to vlog file)
[2015.12.03-17.21.07:161][  0]LogTextLocalizationManager:Warning: Loading localization resources contain conflicting entries for (Namespace:ContentBrowser, Key:ImportAssetToolTip):
Resource: (C:/Program Files/Epic Games/4.7/Engine/Content/Localization/Editor/en/Editor.locres) Hash: (-630476809) String: (Import to {0}...)
Resource: (C:/Program Files/Epic Games/4.7/Engine/Content/Localization/Editor/en/Editor.locres) Hash: (1271782899) String: (Imports an asset from file to this folder.)
[2015.12.03-17.21.07:230][  0]LogContentStreaming: Texture pool size is 0.000000MB
[2015.12.03-17.21.09:803][  0]LogTargetPlatformManager:Display: Building Assets For Windows
[2015.12.03-17.21.10:458][  0]LogTargetPlatformManager:Display: Building Assets For Windows
[2015.12.03-17.21.10:539][  0]LogDerivedDataCache:Display: Max Cache Size: 512 MB
[2015.12.03-17.21.10:612][  0]LogDerivedDataCache: Loaded boot cache 0.07s 39MB C:/Users/173907/AppData/Local/UnrealEngine/4.7/DerivedDataCache/Boot.ddc.
[2015.12.03-17.21.10:612][  0]LogDerivedDataCache:Display: Loaded Boot cache: C:/Users/173907/AppData/Local/UnrealEngine/4.7/DerivedDataCache/Boot.ddc
[2015.12.03-17.21.10:612][  0]LogDerivedDataCache: FDerivedDataBackendGraph:  Pak pak cache file D:/It's Bedtime/trunk/DerivedDataCache/DDC.ddp not found, will not use a pak cache.
[2015.12.03-17.21.10:612][  0]LogDerivedDataCache: Unable to find inner node Pak for hierarchical cache Hierarchy.
[2015.12.03-17.21.10:735][  0]LogDerivedDataCache:Display: Pak cache opened for reading ../../../Engine/DerivedDataCache/Compressed.ddp.
[2015.12.03-17.21.10:746][  0]LogDerivedDataCache: Using Local data cache path C:/Users/173907/AppData/Local/UnrealEngine/Common/DerivedDataCache: Writable
[2015.12.03-17.21.11:128][  0]LogMeshUtilities: No automatic mesh reduction module available
[2015.12.03-17.21.11:128][  0]LogMeshUtilities: No automatic mesh merging module available
[2015.12.03-17.21.11:545][  0]LogInit: WinSock: version 1.1 (2.2), MaxSocks=32767, MaxUdp=65467
[2015.12.03-17.21.11:624][  0]LogSlate:Warning: Failed to load font data from '../../../Engine/Content/Slate/Fonts/Roboto-Italic.ttf'
[2015.12.03-17.21.12:538][  0]UdpMessaging: Initializing bridge on interface 0.0.0.0:0 to multicast group 230.0.0.1:6666.
[2015.12.03-17.21.12:792][  0]SourceControl: Info Source control is disabled
[2015.12.03-17.21.12:792][  0]SourceControl: Info Source control is disabled
[2015.12.03-17.21.12:792][  0]SourceControl: Info Source control is disabled
[2015.12.03-17.21.12:792][  0]LogSourceControl: RunCommandInternalRaw: 'git version'
[2015.12.03-17.21.12:792][  0]LogSourceControl: RunCommandInternalRaw: ExecProcess ReturnCode=2 OutResults=''
[2015.12.03-17.21.12:801][  0]SourceControl: Info Source control is disabled
[2015.12.03-17.21.12:988][  0]LogObj: 24256 objects as part of root set at end of initial load.
[2015.12.03-17.21.12:988][  0]LogUObjectAllocator: 5141480 out of 0 bytes used by permanent object pool.
[2015.12.03-17.21.13:064][  0]LogEngine: Initializing Engine...
[2015.12.03-17.21.15:286][  0]LogInit: XAudio2 using 'Speakers (Realtek High Definition Audio)' : 2 channels at 48 kHz using 32 bits per sample (channel mask 0x3)
[2015.12.03-17.21.15:301][  0]LogInit: FAudioDevice initialized.
[2015.12.03-17.21.15:338][  0]LogAIModule: Creating AISystem for world NewWorld
[2015.12.03-17.21.15:367][  0]LogDerivedDataCache: Saved boot cache 0.03s 39MB C:/Users/173907/AppData/Local/UnrealEngine/4.7/DerivedDataCache/Boot.ddc.
[2015.12.03-17.21.15:374][  0]LogInit: Texture streaming: Enabled
[2015.12.03-17.21.15:490][  0]LogAnalytics: Creating configured Analytics provider AnalyticsET
[2015.12.03-17.21.15:490][  0]LogAnalytics: ET APIKey = Rocket.Release. APIServer = http://et2.epicgames.com/ET2/. AppVersion = 4.7.6-2513093+++depot+UE4-Releases+4.7
[2015.12.03-17.21.15:490][  0]LogAnalytics: ET APIKey = Rocket.Release. DataRouterUploadURL = https://datarouter-public-service-gamedev.ol.epicgames.net/datarouter/api/v1/public/data. AppVersion = 4.7.6-2513093+++depot+UE4-Releases+4.7
[2015.12.03-17.21.15:490][  0]LogAnalytics: SetUserId 2c8597284e2362a7053d02ae1108fad8|64037dc47c40414aad94c6a93ca9b8cd|08468dd9-f31b-4eb9-83ce-bc2f65eb25df
[2015.12.03-17.21.15:491][  0]LogAnalytics: AnalyticsET::StartSession [Rocket.Release]
[2015.12.03-17.21.15:513][  0]LogInit: Transaction tracking system initialized
[2015.12.03-17.21.15:716][  0]BlueprintLog: New page: Editor Load
[2015.12.03-17.21.15:748][  0]LogAssetRegistry: FAssetRegistry took 0.0101 seconds to start up
[2015.12.03-17.21.15:748][  0]LogDirectoryWatcher:Warning: Failed to begin reading directory changes for ../../../Engine/Plugins/Experimental/CharacterAI/Content/. Error: 0
[2015.12.03-17.21.16:292][  0]LogTargetPlatformManager:Display: Building Assets For Windows
[2015.12.03-17.21.16:645][  0]LogTargetPlatformManager:Display: Building Assets For Windows
[2015.12.03-17.21.16:898][  0]LogSlate:Warning: Failed to load font data from '../../../Engine/Content/Editor/Slate/Fonts/Roboto-Regular.ttf'
[2015.12.03-17.21.16:898][  0]LogSlate:Warning: Failed to load font data from '../../../Engine/Content/Editor/Slate/Fonts/Roboto-Bold.ttf'
[2015.12.03-17.21.16:902][  0]LogConsoleResponse:Display: 
[2015.12.03-17.21.17:007][  0]LogCook:Display: Done creating registry. It took  0.00s.
[2015.12.03-17.21.17:140][  0]SourceControl: Info Source control is disabled
[2015.12.03-17.21.17:140][  0]Cmd: MAP LOAD FILE="D:/It's Bedtime/trunk/Content/Maps/Room.umap" TEMPLATE=0 SHOWPROGRESS=1 FEATURELEVEL=3
[2015.12.03-17.21.17:140][  0]LightingResults: New page: Lighting Build
[2015.12.03-17.21.17:151][  0]MapCheck: New page: Map Check
[2015.12.03-17.21.17:151][  0]LightingResults: New page: Lighting Build
[2015.12.03-17.21.17:163][  0]LogParticles: Destroying 0 GPU particle simulations for FXSystem 0x00000000159C09A0
[2015.12.03-17.21.17:180][  0]LogLinker:Warning: Asset '../../../Engine/Content/EngineMeshes/Humanoid.uasset' has been saved with empty engine version. The asset will be loaded but may be incompatible.
[2015.12.03-17.21.17:802][  0]LogLinker:Warning: Can't find file '/Game/Meshes/Teddy_Mesh'
[2015.12.03-17.21.17:802][  0]LogLinker:Warning: Can't find file for asset '/Game/Meshes/Teddy_Mesh' while loading D:/It's Bedtime/trunk/Content/Blueprints/FearMeter.uasset.
[2015.12.03-17.21.17:802][  0]LoadErrors:Error: Error /Game/Blueprints/FearMeter : Can't find file for asset. /Game/Meshes/Teddy_Mesh
[2015.12.03-17.21.17:802][  0]LogLinker:Warning: Can't find file '/Game/Meshes/Teddy_Mesh'
[2015.12.03-17.21.17:802][  0]LogLinker:Warning: Can't find file for asset '/Game/Meshes/Teddy_Mesh' while loading D:/It's Bedtime/trunk/Content/Blueprints/FearMeter.uasset.
[2015.12.03-17.21.17:802][  0]LoadErrors:Error: Error /Game/Blueprints/FearMeter : Can't find file for asset. /Game/Meshes/Teddy_Mesh
[2015.12.03-17.21.17:803][  0]LogLinker:Warning: Can't find file '/Game/Meshes/Teddy_Mesh'
[2015.12.03-17.21.17:803][  0]LogLinker:Warning: Can't find file for asset '/Game/Meshes/Teddy_Mesh' while loading D:/It's Bedtime/trunk/Content/Blueprints/MyCharacter.uasset.
[2015.12.03-17.21.17:803][  0]LoadErrors:Error: Error /Game/Blueprints/MyCharacter : Can't find file for asset. /Game/Meshes/Teddy_Mesh
[2015.12.03-17.21.17:803][  0]LogLinker:Warning: Can't find file '/Game/Meshes/Teddy_Mesh'
[2015.12.03-17.21.17:803][  0]LogLinker:Warning: Can't find file for asset '/Game/Meshes/Teddy_Mesh' while loading D:/It's Bedtime/trunk/Content/Blueprints/MyCharacter.uasset.
[2015.12.03-17.21.17:803][  0]LoadErrors:Error: Error /Game/Blueprints/MyCharacter : Can't find file for asset. /Game/Meshes/Teddy_Mesh
[2015.12.03-17.21.17:804][  0]LogLinker:Warning: Can't find file '/Game/Meshes/Teddy_Mesh'
[2015.12.03-17.21.17:804][  0]LoadErrors: Info Failed to load /Game/Blueprints/MyCharacter.MyCharacter_C Referenced by StaticMeshComponent0
[2015.12.03-17.21.17:804][  0]LogLinker:Warning: Can't find file for asset '/Game/Meshes/Teddy_Mesh' while loading D:/It's Bedtime/trunk/Content/Blueprints/MyCharacter.uasset.
[2015.12.03-17.21.17:804][  0]LoadErrors: Info Failed to load /Game/Blueprints/MyCharacter.MyCharacter_C Referenced by StaticMeshComponent0
[2015.12.03-17.21.17:804][  0]LoadErrors:Error: Error /Game/Blueprints/MyCharacter : Can't find file for asset. /Game/Meshes/Teddy_Mesh
[2015.12.03-17.21.17:831][  0]LogLinker:Warning: Asset 'D:/It's Bedtime/trunk/Content/Materials/PP_Outliner_M.uasset' has been saved with empty engine version. The asset will be loaded but may be incompatible.
[2015.12.03-17.21.17:834][  0]LogLinker:Warning: Asset 'D:/It's Bedtime/trunk/Content/Materials/MF_ConvolveTexture.uasset' has been saved with empty engine version. The asset will be loaded but may be incompatible.
[2015.12.03-17.21.17:838][  0]LogLinker:Warning: Asset 'D:/It's Bedtime/trunk/Content/Materials/MF_ExtractDepth.uasset' has been saved with empty engine version. The asset will be loaded but may be incompatible.
[2015.12.03-17.21.17:840][  0]LogLinker:Warning: Asset 'D:/It's Bedtime/trunk/Content/Materials/MF_SampleSceneTextureNeighbourUVs.uasset' has been saved with empty engine version. The asset will be loaded but may be incompatible.
[2015.12.03-17.21.21:687][  0]LogLinker:Warning: Asset 'D:/It's Bedtime/trunk/Content/Materials/PP_Outliner_Inst.uasset' has been saved with empty engine version. The asset will be loaded but may be incompatible.
[2015.12.03-17.21.21:751][  0]LogLinker:Warning: Can't find file '/Game/Blueprints/Menu_art/pause3'
[2015.12.03-17.21.21:751][  0]LogLinker:Warning: Can't find file for asset '/Game/Blueprints/Menu_art/pause3' while loading D:/It's Bedtime/trunk/Content/Blueprints/Pause.uasset.
[2015.12.03-17.21.21:752][  0]LoadErrors:Error: Error /Game/Blueprints/Pause : Can't find file for asset. /Game/Blueprints/Menu_art/pause3
[2015.12.03-17.21.21:752][  0]LogLinker:Warning: Can't find file '/Game/Blueprints/Menu_art/pause3'
[2015.12.03-17.21.21:752][  0]LogLinker:Warning: Can't find file for asset '/Game/Blueprints/Menu_art/pause3' while loading D:/It's Bedtime/trunk/Content/Blueprints/Pause.uasset.
[2015.12.03-17.21.21:752][  0]LoadErrors:Error: Error /Game/Blueprints/Pause : Can't find file for asset. /Game/Blueprints/Menu_art/pause3
[2015.12.03-17.21.21:753][  0]LogLinker:Warning: Can't find file '/Game/Blueprints/Menu_art/pause3'
[2015.12.03-17.21.21:753][  0]LogLinker:Warning: Can't find file for asset '/Game/Blueprints/Menu_art/pause3' while loading D:/It's Bedtime/trunk/Content/Maps/Room.umap.
[2015.12.03-17.21.21:753][  0]LoadErrors:Error: Error /Game/Maps/Room : Can't find file for asset. /Game/Blueprints/Menu_art/pause3
[2015.12.03-17.21.21:753][  0]LogLinker:Warning: Can't find file '/Game/Blueprints/Menu_art/pause3'
[2015.12.03-17.21.21:753][  0]LogLinker:Warning: Can't find file for asset '/Game/Blueprints/Menu_art/pause3' while loading D:/It's Bedtime/trunk/Content/Maps/Room.umap.
[2015.12.03-17.21.21:754][  0]LoadErrors:Error: Error /Game/Maps/Room : Can't find file for asset. /Game/Blueprints/Menu_art/pause3
[2015.12.03-17.21.21:756][  0]LogLinker:Warning: Can't find file '/Game/Blueprints/Menu_art/pause3'
[2015.12.03-17.21.21:756][  0]LoadErrors: Info Failed to load /Game/Blueprints/Menu_art/pause3.pause3 Referenced by Image_247
[2015.12.03-17.21.21:756][  0]LogLinker:Warning: Can't find file for asset '/Game/Blueprints/Menu_art/pause3' while loading D:/It's Bedtime/trunk/Content/Maps/Room.umap.
[2015.12.03-17.21.21:756][  0]LoadErrors: Info Failed to load /Game/Blueprints/Menu_art/pause3.pause3 Referenced by Image_247
[2015.12.03-17.21.21:756][  0]LoadErrors:Error: Error /Game/Maps/Room : Can't find file for asset. /Game/Blueprints/Menu_art/pause3
[2015.12.03-17.21.22:130][  0]LogLinker:Warning: Can't find file '/Game/Blueprints/Menu_art/pause3'
[2015.12.03-17.21.22:130][  0]LoadErrors: Info Failed to load /Game/Blueprints/Menu_art/pause3.pause3 Referenced by Image_2
[2015.12.03-17.21.22:130][  0]LogLinker:Warning: Can't find file for asset '/Game/Blueprints/Menu_art/pause3' while loading NULL.
[2015.12.03-17.21.22:130][  0]LoadErrors: Info Failed to load /Game/Blueprints/Menu_art/pause3.pause3 Referenced by Image_2
[2015.12.03-17.21.22:538][  0]LogMaterial: Missing cached shader map for material Lamp, compiling. 
[2015.12.03-17.21.22:538][  0]LogMaterial:Warning: Failed to compile Material /Game/Materials/Lucas/Lamp.Lamp for platform PCD3D_SM5, Default Material will be used in game.
[2015.12.03-17.21.22:538][  0]LogMaterial:Warning: 	(Node TextureSample) TextureSample> Missing input texture
[2015.12.03-17.21.22:835][  0]LogEditorServer: Finished looking for orphan Actors (0.000 secs)
[2015.12.03-17.21.22:836][  0]LogAIModule: Creating AISystem for world Room
[2015.12.03-17.21.22:836][  0]Cmd: MAP CHECKDEP
[2015.12.03-17.21.22:836][  0]MapCheck: New page: Room - Dec 3, 2015, 1:21:22 AM
[2015.12.03-17.21.22:953][  0]MapCheck: Info Map check complete: 0 Error(s), 0 Warning(s), took 116.819ms to complete.
[2015.12.03-17.21.22:953][  0]LogFileHelpers: Loading map 'Room' took 5.815
[2015.12.03-17.21.23:098][  0]LogCollectionManager: Loaded 0 collections in 0.001434 seconds
[2015.12.03-17.21.23:108][  0]LogContentBrowser: Native class hierarchy populated in 0.0093 seconds. Added 1698 classes and 263 folders.
[2015.12.03-17.21.23:142][  0]LogContentBrowser: Native class hierarchy updated for 'SceneOutliner' in 0.0033 seconds. Added 1 classes and 2 folders.
[2015.12.03-17.21.23:206][  0]LogCrashTracker: Crashtracker disabled due to settings.
[2015.12.03-17.21.23:208][  0]LogSlate:Warning: Failed to load font data from 'Veranda'
[2015.12.03-17.21.23:255][  0]LogLoad: Full Startup: 18.39 seconds (BP compile: 2.45 seconds)
[2015.12.03-17.21.23:286][  0]LogContentBrowser:Verbose: The content browser source was changed by the sources view to '/Game/Blueprints/Mother'
[2015.12.03-17.21.23:467][  0]LogRenderer:Warning: Reallocating scene render targets to support 32x32 (Frame:2).
[2015.12.03-17.21.23:671][  0]LogRenderer:Warning: Reallocating scene render targets to support 1232x576 (Frame:10).
[2015.12.03-17.21.24:124][  8]LogAssetRegistry: Asset discovery search completed in 8.3883 seconds
[2015.12.03-17.21.24:393][ 33]AssetReimport: New page: Outstanding source content changes 1:21:24 AM
[2015.12.03-17.21.24:393][ 33]LogFactory: FactoryCreateBinary: Texture with ReimportTextureFactory (0 0 D:/It's Bedtime/trunk/Content/Textures/Boogey/Boogey_Body_SM.tga)
[2015.12.03-17.21.24:430][ 33]LogActorComponent: UnregisterComponent: (/Engine/Transient.CharMoveComp) Not registered. Aborting.
[2015.12.03-17.21.24:539][ 33]LogFactory: FactoryCreateBinary: Texture with ReimportTextureFactory (0 0 D:/It's Bedtime/trunk/Content/Textures/Boogey/Boogey_Hand_SM.tga)
[2015.12.03-17.21.24:602][ 33]LogFactory: FactoryCreateBinary: Texture with ReimportTextureFactory (0 0 D:/It's Bedtime/trunk/Content/Textures/Boogey/Boogey_Hat_SM.tga)
[2015.12.03-17.21.24:765][ 34]AssetReimport: Info Creating new asset /Game/Textures/Boogey/Boogey_Body_SM.
[2015.12.03-17.21.24:765][ 34]AssetReimport:Error: Error Failed to import file D:/It's Bedtime/trunk/Content/Textures/Boogey/Boogey_Body_SM.tga.
[2015.12.03-17.21.24:765][ 34]AssetReimport: Info Creating new asset /Game/Textures/Boogey/Boogey_Hand_SM.
[2015.12.03-17.21.24:765][ 34]AssetReimport:Error: Error Failed to import file D:/It's Bedtime/trunk/Content/Textures/Boogey/Boogey_Hand_SM.tga.
[2015.12.03-17.21.24:765][ 34]AssetReimport: Info Creating new asset /Game/Textures/Boogey/Boogey_Hat_SM.
[2015.12.03-17.21.24:765][ 34]AssetReimport:Error: Error Failed to import file D:/It's Bedtime/trunk/Content/Textures/Boogey/Boogey_Hat_SM.tga.
[2015.12.03-17.21.53:828][ 19]BlueprintLog: New page: Pre-PIE auto-recompile
[2015.12.03-17.21.53:828][ 19]LogPlayLevel: [PIE] Compiling Room before PIE...
[2015.12.03-17.21.53:970][ 19]LogActorComponent: UnregisterComponent: (/Engine/Transient.CharMoveComp) Not registered. Aborting.
[2015.12.03-17.21.53:995][ 19]LogPlayLevel: PIE:  Blueprint regeneration took 167 ms (1 blueprints)
[2015.12.03-17.21.53:995][ 19]PIE: New page: SIE session: Room (Dec 3, 2015, 1:21:53 AM)
[2015.12.03-17.21.54:029][ 19]LogBlueprint:Warning: FMemberReference::ResolveMember (AddComponent) bSelfContext == true, but no scope supplied!
[2015.12.03-17.21.54:035][ 19]LogPlayLevel: PIE: StaticDuplicateObject took: (0.039018s)
[2015.12.03-17.21.54:035][ 19]LogPlayLevel: PIE: World Init took: (0.000497s)
[2015.12.03-17.21.54:035][ 19]LogPlayLevel: PIE: Created PIE world by copying editor world from /Game/Maps/Room.Room to /Game/Maps/UEDPIE_0_Room.Room (0.039718s)
[2015.12.03-17.21.54:103][ 19]LogLinker:Warning: Can't find file '/Game/Textures/crosshair'
[2015.12.03-17.21.54:104][ 19]LogLinker:Warning: Can't find file for asset '/Game/Textures/crosshair' while loading D:/It's Bedtime/trunk/Content/Blueprints/MyHUD.uasset.
[2015.12.03-17.21.54:104][ 19]LoadErrors:Error: Error /Game/Blueprints/MyHUD : Can't find file for asset. /Game/Textures/crosshair
[2015.12.03-17.21.54:106][ 19]LogLinker:Warning: Can't find file '/Game/Textures/crosshair'
[2015.12.03-17.21.54:106][ 19]LogLinker:Warning: Can't find file for asset '/Game/Textures/crosshair' while loading D:/It's Bedtime/trunk/Content/Blueprints/MyHUD.uasset.
[2015.12.03-17.21.54:108][ 19]LogLinker:Warning: Can't find file '/Game/Textures/crosshair'
[2015.12.03-17.21.54:108][ 19]LogLinker:Warning: Can't find file for asset '/Game/Textures/crosshair' while loading D:/It's Bedtime/trunk/Content/Blueprints/MyGame.uasset.
[2015.12.03-17.21.54:108][ 19]LoadErrors:Error: Error /Game/Blueprints/MyGame : Can't find file for asset. /Game/Textures/crosshair
[2015.12.03-17.21.54:108][ 19]LogLinker:Warning: Can't find file '/Game/Textures/crosshair'
[2015.12.03-17.21.54:108][ 19]LogLinker:Warning: Can't find file for asset '/Game/Textures/crosshair' while loading D:/It's Bedtime/trunk/Content/Blueprints/MyGame.uasset.
[2015.12.03-17.21.54:114][ 19]LogLinker:Warning: Can't find file '/Game/Textures/crosshair'
[2015.12.03-17.21.54:114][ 19]LoadErrors: Info Failed to load /Game/Textures/crosshair.crosshair Referenced by EdGraphPin_19677
[2015.12.03-17.21.54:115][ 19]LogLinker:Warning: Can't find file for asset '/Game/Textures/crosshair' while loading D:/It's Bedtime/trunk/Content/Blueprints/MyGame.uasset.
[2015.12.03-17.21.54:306][ 19]BlueprintLog:Warning: Warning Blueprint MyGame has been migrated and requires re-saving to avoid import errors
[2015.12.03-17.21.54:309][ 19]LogWorld: Game class is 'MyGame_C'
[2015.12.03-17.21.54:312][ 19]LogAIModule: Creating AISystem for world Room
[2015.12.03-17.21.54:352][ 19]LogWorld: Bringing World /Game/Maps/UEDPIE_0_Room.Room up for play (max tick rate 0) at 2015.12.03-09.21.54
[2015.12.03-17.21.54:356][ 19]LogWorld: Bringing up level for play took: 0.042966
[2015.12.03-17.21.54:356][ 19]LogGameMode: Warning - PATHS NOT DEFINED or NO PLAYERSTART with positive rating
[2015.12.03-17.21.54:358][ 19]LogBlueprintUserMessages: Hello
[2015.12.03-17.21.54:359][ 19]PIE: Info Play in editor start time for /Game/Maps/UEDPIE_0_Room 1.038
[2015.12.03-17.21.55:032][ 47]LogBlueprintUserMessages: Idle
[2015.12.03-17.21.56:040][ 97]LogBlueprintUserMessages: Idle
[2015.12.03-17.21.57:048][147]LogBlueprintUserMessages: Idle
[2015.12.03-17.21.58:060][198]LogBlueprintUserMessages: Idle
[2015.12.03-17.21.59:067][247]LogBlueprintUserMessages: Idle
[2015.12.03-17.22.00:076][293]LogBlueprintUserMessages: Idle
[2015.12.03-17.22.01:085][343]LogBlueprintUserMessages: Idle
[2015.12.03-17.22.02:106][395]LogBlueprintUserMessages: Idle
[2015.12.03-17.22.03:122][445]LogBlueprintUserMessages: Idle
[2015.12.03-17.22.04:133][494]LogBlueprintUserMessages: Idle
[2015.12.03-17.22.05:143][542]LogBlueprintUserMessages: Idle
[2015.12.03-17.22.06:169][614]LogBlueprintUserMessages: Idle
[2015.12.03-17.22.07:182][658]LogBlueprintUserMessages: Idle
[2015.12.03-17.22.08:186][700]LogBlueprintUserMessages: Idle
[2015.12.03-17.22.09:207][742]LogBlueprintUserMessages: Idle
[2015.12.03-17.22.10:208][784]LogBlueprintUserMessages: Idle
[2015.12.03-17.22.11:225][829]LogBlueprintUserMessages: Idle
[2015.12.03-17.22.12:226][919]LogBlueprintUserMessages: Idle
[2015.12.03-17.22.13:226][ 34]LogBlueprintUserMessages: Idle
[2015.12.03-17.22.14:232][148]LogBlueprintUserMessages: Idle
[2015.12.03-17.22.15:237][257]LogBlueprintUserMessages: Idle
[2015.12.03-17.22.16:238][325]LogBlueprintUserMessages: Idle
[2015.12.03-17.22.17:242][380]LogBlueprintUserMessages: Idle
[2015.12.03-17.22.18:244][478]LogBlueprintUserMessages: Idle
[2015.12.03-17.22.19:249][594]LogBlueprintUserMessages: Idle
[2015.12.03-17.22.20:252][674]LogBlueprintUserMessages: Idle
[2015.12.03-17.22.21:259][761]LogBlueprintUserMessages: Idle
[2015.12.03-17.22.22:259][874]LogBlueprintUserMessages: Idle
[2015.12.03-17.22.23:267][986]LogBlueprintUserMessages: Idle
[2015.12.03-17.22.24:270][ 91]LogBlueprintUserMessages: Idle
[2015.12.03-17.22.25:287][156]LogBlueprintUserMessages: Idle
[2015.12.03-17.22.26:292][228]LogBlueprintUserMessages: Idle
[2015.12.03-17.22.27:297][293]LogBlueprintUserMessages: Idle
[2015.12.03-17.22.28:301][349]LogBlueprintUserMessages: Idle
[2015.12.03-17.22.29:309][390]LogBlueprintUserMessages: Idle
[2015.12.03-17.22.30:332][449]LogBlueprintUserMessages: Idle
[2015.12.03-17.22.31:342][507]LogBlueprintUserMessages: Idle
[2015.12.03-17.22.32:352][556]LogBlueprintUserMessages: Idle
[2015.12.03-17.22.33:360][597]LogBlueprintUserMessages: Idle
[2015.12.03-17.22.34:359][649]LogBlueprintUserMessages: Idle
[2015.12.03-17.22.35:364][743]LogBlueprintUserMessages: Idle
[2015.12.03-17.22.36:380][836]LogBlueprintUserMessages: Idle
[2015.12.03-17.22.37:391][891]LogBlueprintUserMessages: Idle
[2015.12.03-17.22.38:394][936]LogBlueprintUserMessages: Idle
[2015.12.03-17.22.39:418][976]LogBlueprintUserMessages: Idle
[2015.12.03-17.22.40:422][ 17]LogBlueprintUserMessages: Idle
[2015.12.03-17.22.41:438][ 64]LogBlueprintUserMessages: Idle
[2015.12.03-17.22.42:452][109]LogBlueprintUserMessages: Idle
[2015.12.03-17.22.43:466][184]LogBlueprintUserMessages: Idle
[2015.12.03-17.22.44:458][296]LogBlueprintUserMessages: Idle
[2015.12.03-17.22.45:463][411]LogBlueprintUserMessages: Idle
[2015.12.03-17.22.46:466][524]LogBlueprintUserMessages: Idle
[2015.12.03-17.22.47:473][640]LogBlueprintUserMessages: Idle
[2015.12.03-17.22.48:477][752]LogBlueprintUserMessages: Idle
[2015.12.03-17.22.49:484][865]LogBlueprintUserMessages: Idle
[2015.12.03-17.22.50:489][980]LogBlueprintUserMessages: Idle
[2015.12.03-17.22.51:496][ 93]LogBlueprintUserMessages: Idle
[2015.12.03-17.22.52:497][208]LogBlueprintUserMessages: Idle
[2015.12.03-17.22.53:498][325]LogBlueprintUserMessages: Idle
[2015.12.03-17.22.54:506][440]LogBlueprintUserMessages: Idle
[2015.12.03-17.22.55:510][554]LogBlueprintUserMessages: Idle
[2015.12.03-17.22.56:514][669]LogBlueprintUserMessages: Idle
[2015.12.03-17.22.57:518][788]LogBlueprintUserMessages: Idle
[2015.12.03-17.22.58:520][905]LogBlueprintUserMessages: Idle
[2015.12.03-17.22.59:527][ 16]LogBlueprintUserMessages: Idle
[2015.12.03-17.23.00:533][131]LogBlueprintUserMessages: Idle
[2015.12.03-17.23.01:539][248]LogBlueprintUserMessages: Idle
[2015.12.03-17.23.02:544][359]LogBlueprintUserMessages: Idle
[2015.12.03-17.23.03:546][478]LogBlueprintUserMessages: Idle
[2015.12.03-17.23.04:685][497]LogBlueprintUserMessages: Idle
[2015.12.03-17.23.05:685][500]LogBlueprintUserMessages: Idle
[2015.12.03-17.23.06:685][503]LogBlueprintUserMessages: Idle
[2015.12.03-17.23.07:685][506]LogBlueprintUserMessages: Idle
[2015.12.03-17.23.08:685][509]LogBlueprintUserMessages: Idle
[2015.12.03-17.23.09:683][512]LogBlueprintUserMessages: Idle
[2015.12.03-17.23.10:685][611]LogBlueprintUserMessages: Idle
[2015.12.03-17.23.11:688][718]LogBlueprintUserMessages: Idle
[2015.12.03-17.23.12:695][835]LogBlueprintUserMessages: Idle
[2015.12.03-17.23.13:696][955]LogBlueprintUserMessages: Idle
[2015.12.03-17.23.14:870][ 56]LogBlueprintUserMessages: Idle
[2015.12.03-17.23.15:870][ 59]LogBlueprintUserMessages: Idle
[2015.12.03-17.23.16:870][ 62]LogBlueprintUserMessages: Idle
[2015.12.03-17.23.17:870][ 65]LogBlueprintUserMessages: Idle
[2015.12.03-17.23.18:870][ 68]LogBlueprintUserMessages: Idle
[2015.12.03-17.23.19:867][101]LogBlueprintUserMessages: Idle
[2015.12.03-17.23.20:932][149]LogBlueprintUserMessages: Idle
[2015.12.03-17.23.21:932][152]LogBlueprintUserMessages: Idle
[2015.12.03-17.23.22:932][155]LogBlueprintUserMessages: Idle
[2015.12.03-17.23.23:932][158]LogBlueprintUserMessages: Idle
[2015.12.03-17.23.24:932][161]LogBlueprintUserMessages: Idle
[2015.12.03-17.23.25:942][195]LogBlueprintUserMessages: Idle
[2015.12.03-17.23.26:946][293]LogBlueprintUserMessages: Idle
[2015.12.03-17.23.27:736][360]LogBehaviorTree:Warning: OnCeaseRelevant called on Blueprint service None with invalid owner.  OwnerComponent: BTComponent, OwnerComponent Owner: ChildController_C_0.  OwnerComponent has BeginDestroyed flag
[2015.12.03-17.23.27:736][360]LogBehaviorTree:Warning: OnCeaseRelevant called on Blueprint service None with invalid owner.  OwnerComponent: BTComponent, OwnerComponent Owner: BasicAIController_C_0.  OwnerComponent has BeginDestroyed flag
[2015.12.03-17.23.27:742][360]LogParticles: Destroying 0 GPU particle simulations for FXSystem 0x0000000021652980
[2015.12.03-17.25.20:481][913]Cmd: OBJ SAVEPACKAGE PACKAGE="/Game/Maps/Room" FILE="D:/It's Bedtime/trunk/Content/Maps/Room.umap" SILENT=true AUTOSAVING=false KEEPDIRTY=false
[2015.12.03-17.25.20:483][913]LogActorComponent: UnregisterComponent: (/Engine/Transient.CharMoveComp) Not registered. Aborting.
[2015.12.03-17.25.21:102][913]LogSavePackage: Save=563.485046ms
[2015.12.03-17.25.21:102][913]LogSavePackage: Moving 'D:/It's Bedtime/trunk/Saved/RoomF914B78C4020EA25BD3DBEAAF614F02B.tmp' to 'D:/It's Bedtime/trunk/Content/Maps/Room.umap'
[2015.12.03-17.25.22:534][ 70]BlueprintLog: New page: Pre-PIE auto-recompile
[2015.12.03-17.25.22:534][ 70]LogPlayLevel: [PIE] Compiling Room before PIE...
[2015.12.03-17.25.22:647][ 70]LogPlayLevel: PIE:  Blueprint regeneration took 113 ms (1 blueprints)
[2015.12.03-17.25.22:647][ 70]PIE: New page: SIE session: Room (Dec 3, 2015, 1:25:22 AM)
[2015.12.03-17.25.22:691][ 70]LogBlueprint:Warning: FMemberReference::ResolveMember (AddComponent) bSelfContext == true, but no scope supplied!
[2015.12.03-17.25.22:696][ 70]LogPlayLevel: PIE: StaticDuplicateObject took: (0.048759s)
[2015.12.03-17.25.22:697][ 70]LogPlayLevel: PIE: World Init took: (0.000586s)
[2015.12.03-17.25.22:697][ 70]LogPlayLevel: PIE: Created PIE world by copying editor world from /Game/Maps/Room.Room to /Game/Maps/UEDPIE_0_Room.Room (0.049549s)
[2015.12.03-17.25.22:733][ 70]LogWorld: Game class is 'MyGame_C'
[2015.12.03-17.25.22:737][ 70]LogAIModule: Creating AISystem for world Room
[2015.12.03-17.25.22:779][ 70]LogWorld: Bringing World /Game/Maps/UEDPIE_0_Room.Room up for play (max tick rate 0) at 2015.12.03-09.25.22
[2015.12.03-17.25.22:783][ 70]LogWorld: Bringing up level for play took: 0.045138
[2015.12.03-17.25.22:783][ 70]LogGameMode: Warning - PATHS NOT DEFINED or NO PLAYERSTART with positive rating
[2015.12.03-17.25.22:785][ 70]LogBlueprintUserMessages: Hello
[2015.12.03-17.25.22:786][ 70]PIE: Info Play in editor start time for /Game/Maps/UEDPIE_0_Room -0.526
[2015.12.03-17.25.23:513][100]LogBlueprintUserMessages: Idle
[2015.12.03-17.25.24:523][148]LogBlueprintUserMessages: Idle
[2015.12.03-17.25.25:527][199]LogBlueprintUserMessages: Idle
[2015.12.03-17.25.26:543][251]LogBlueprintUserMessages: Idle
[2015.12.03-17.25.27:560][301]LogBlueprintUserMessages: Idle
[2015.12.03-17.25.28:574][360]LogBlueprintUserMessages: Idle
[2015.12.03-17.25.29:582][413]LogBlueprintUserMessages: Idle
[2015.12.03-17.25.30:593][465]LogBlueprintUserMessages: Idle
[2015.12.03-17.25.31:600][513]LogBlueprintUserMessages: Idle
[2015.12.03-17.25.32:615][569]LogBlueprintUserMessages: Idle
[2015.12.03-17.25.33:173][606]LogEditorViewport: Clicking on Actor (LMB): ThirdPersonCharacter_C (ThirdPersonCharacter2)
[2015.12.03-17.25.33:173][606]LogSelection:Warning: PIE object was selected: "ThirdPersonCharacter_C /Game/Maps/UEDPIE_0_Room.Room:PersistentLevel.ThirdPersonCharacter_C_3"
[2015.12.03-17.25.33:608][628]LogBlueprintUserMessages: Idle
[2015.12.03-17.25.34:612][711]LogBlueprintUserMessages: Idle
[2015.12.03-17.25.35:289][774]LogSelection:Warning: PIE object was selected: "SkeletalMeshComponent /Game/Maps/UEDPIE_0_Room.Room:PersistentLevel.ThirdPersonCharacter_C_3.CharacterMesh0"
[2015.12.03-17.25.35:688][806]LogBlueprintUserMessages: Idle
[2015.12.03-17.25.36:694][898]LogBlueprintUserMessages: Idle
[2015.12.03-17.25.37:695][989]LogBlueprintUserMessages: Idle
[2015.12.03-17.25.38:700][ 82]LogBlueprintUserMessages: Idle
[2015.12.03-17.25.39:708][162]LogBlueprintUserMessages: Idle
[2015.12.03-17.25.40:711][256]LogBlueprintUserMessages: Idle
[2015.12.03-17.25.42:007][380]LogBlueprintUserMessages: Idle
[2015.12.03-17.25.43:015][475]LogBlueprintUserMessages: Idle
[2015.12.03-17.25.44:019][571]LogBlueprintUserMessages: Idle
[2015.12.03-17.25.45:029][658]LogBlueprintUserMessages: Idle
[2015.12.03-17.25.46:120][764]LogBlueprintUserMessages: Idle
[2015.12.03-17.25.47:126][862]LogBlueprintUserMessages: Idle
[2015.12.03-17.25.48:131][964]LogBlueprintUserMessages: Idle
[2015.12.03-17.25.49:138][ 66]LogBlueprintUserMessages: Idle
[2015.12.03-17.25.50:139][167]LogBlueprintUserMessages: Idle
[2015.12.03-17.25.51:145][270]LogBlueprintUserMessages: Idle
[2015.12.03-17.25.52:148][378]LogBlueprintUserMessages: Idle
[2015.12.03-17.25.53:156][484]LogBlueprintUserMessages: Idle
[2015.12.03-17.25.54:156][589]LogBlueprintUserMessages: Idle
[2015.12.03-17.25.55:159][695]LogBlueprintUserMessages: Idle
[2015.12.03-17.25.56:276][812]LogBlueprintUserMessages: Idle
[2015.12.03-17.25.57:284][900]LogBlueprintUserMessages: Idle
[2015.12.03-17.25.58:298][977]LogBlueprintUserMessages: Idle
[2015.12.03-17.25.59:295][ 78]LogBlueprintUserMessages: Idle
[2015.12.03-17.26.00:493][102]LogBlueprintUserMessages: Idle
[2015.12.03-17.26.01:493][105]LogBlueprintUserMessages: Idle
[2015.12.03-17.26.02:493][108]LogBlueprintUserMessages: Idle
[2015.12.03-17.26.03:493][111]LogBlueprintUserMessages: Idle
[2015.12.03-17.26.04:493][114]LogBlueprintUserMessages: Idle
[2015.12.03-17.26.05:493][117]LogBlueprintUserMessages: Idle
[2015.12.03-17.26.06:493][120]LogBlueprintUserMessages: Idle
[2015.12.03-17.26.07:493][123]LogBlueprintUserMessages: Idle
[2015.12.03-17.26.08:493][126]LogBlueprintUserMessages: Idle
[2015.12.03-17.26.09:493][129]LogBlueprintUserMessages: Idle
[2015.12.03-17.26.10:493][132]LogBlueprintUserMessages: Idle
[2015.12.03-17.26.11:493][135]LogBlueprintUserMessages: Idle
[2015.12.03-17.26.12:493][138]LogBlueprintUserMessages: Idle
[2015.12.03-17.26.13:493][141]LogBlueprintUserMessages: Idle
[2015.12.03-17.26.14:493][144]LogBlueprintUserMessages: Idle
[2015.12.03-17.26.15:493][147]LogBlueprintUserMessages: Idle
[2015.12.03-17.26.16:493][150]LogBlueprintUserMessages: Idle
[2015.12.03-17.26.17:493][153]LogBlueprintUserMessages: Idle
[2015.12.03-17.26.18:493][156]LogBlueprintUserMessages: Idle
[2015.12.03-17.26.19:493][159]LogBlueprintUserMessages: Idle
[2015.12.03-17.26.20:492][162]LogBlueprintUserMessages: Idle
[2015.12.03-17.26.21:492][165]LogBlueprintUserMessages: Idle
[2015.12.03-17.26.22:492][168]LogBlueprintUserMessages: Idle
[2015.12.03-17.26.23:492][171]LogBlueprintUserMessages: Idle
[2015.12.03-17.26.24:492][174]LogBlueprintUserMessages: Idle
[2015.12.03-17.26.25:492][177]LogBlueprintUserMessages: Idle
[2015.12.03-17.26.26:492][180]LogBlueprintUserMessages: Idle
[2015.12.03-17.26.27:492][183]LogBlueprintUserMessages: Idle
[2015.12.03-17.26.28:492][186]LogBlueprintUserMessages: Idle
[2015.12.03-17.26.29:495][204]LogBlueprintUserMessages: Idle
[2015.12.03-17.26.30:502][295]LogBlueprintUserMessages: Idle
[2015.12.03-17.26.31:517][344]LogBlueprintUserMessages: Idle
[2015.12.03-17.26.32:520][402]LogBlueprintUserMessages: Idle
[2015.12.03-17.26.33:358][472]LogBehaviorTree:Warning: OnCeaseRelevant called on Blueprint service BTS_ChildBrain_C_1 with invalid owner.  OwnerComponent: BTComponent, OwnerComponent Owner: ChildController_C_1.  OwnerComponent has BeginDestroyed flag
[2015.12.03-17.26.33:359][472]LogBehaviorTree:Warning: OnCeaseRelevant called on Blueprint service None with invalid owner.  OwnerComponent: BTComponent, OwnerComponent Owner: BasicAIController_C_1.  OwnerComponent has BeginDestroyed flag
[2015.12.03-17.26.33:366][472]LogParticles: Destroying 0 GPU particle simulations for FXSystem 0x000000001EE680E0
[2015.12.03-17.26.38:932][ 73]LogEditorViewport: Clicking on Actor (LMB): ChildPawn_C (ChildPawn)
[2015.12.03-17.26.41:199][324]LogEditorViewport: Clicking on Actor (LMB): StaticMeshActor (Rocking_Chair_LK)
[2015.12.03-17.26.55:625][979]LogEditorViewport: Clicking on Actor (LMB): ThirdPersonCharacter_C (ThirdPersonCharacter2)
[2015.12.03-17.27.09:846][576]BlueprintLog: New page: Pre-PIE auto-recompile
[2015.12.03-17.27.09:846][576]LogPlayLevel: [PIE] Compiling Room before PIE...
[2015.12.03-17.27.09:937][576]LogPlayLevel: PIE:  Blueprint regeneration took 91 ms (1 blueprints)
[2015.12.03-17.27.09:937][576]PIE: New page: SIE session: Room (Dec 3, 2015, 1:27:09 AM)
[2015.12.03-17.27.09:997][576]LogBlueprint:Warning: FMemberReference::ResolveMember (AddComponent) bSelfContext == true, but no scope supplied!
[2015.12.03-17.27.10:003][576]LogPlayLevel: PIE: StaticDuplicateObject took: (0.065124s)
[2015.12.03-17.27.10:003][576]LogPlayLevel: PIE: World Init took: (0.000499s)
[2015.12.03-17.27.10:003][576]LogPlayLevel: PIE: Created PIE world by copying editor world from /Game/Maps/Room.Room to /Game/Maps/UEDPIE_0_Room.Room (0.065821s)
[2015.12.03-17.27.10:033][576]LogSelection:Warning: PIE object was selected: "ThirdPersonCharacter_C /Game/Maps/UEDPIE_0_Room.Room:PersistentLevel.ThirdPersonCharacter_C_3"
[2015.12.03-17.27.10:077][576]LogWorld: Game class is 'MyGame_C'
[2015.12.03-17.27.10:080][576]LogAIModule: Creating AISystem for world Room
[2015.12.03-17.27.10:130][576]LogWorld: Bringing World /Game/Maps/UEDPIE_0_Room.Room up for play (max tick rate 0) at 2015.12.03-09.27.10
[2015.12.03-17.27.10:134][576]LogWorld: Bringing up level for play took: 0.053481
[2015.12.03-17.27.10:135][576]LogGameMode: Warning - PATHS NOT DEFINED or NO PLAYERSTART with positive rating
[2015.12.03-17.27.10:136][576]LogBlueprintUserMessages: Hello
[2015.12.03-17.27.10:138][576]PIE: Info Play in editor start time for /Game/Maps/UEDPIE_0_Room 0.831
[2015.12.03-17.27.10:236][576]LogSelection:Warning: PIE object was selected: "ThirdPersonCharacter_C /Game/Maps/UEDPIE_0_Room.Room:PersistentLevel.ThirdPersonCharacter_C_3"
[2015.12.03-17.27.10:892][604]LogBlueprintUserMessages: Idle
[2015.12.03-17.27.11:898][655]LogBlueprintUserMessages: Idle
[2015.12.03-17.27.12:644][692]LogBlueprintUserMessages: CollidedOuterSphere
[2015.12.03-17.27.12:903][706]LogBlueprintUserMessages: Alert
[2015.12.03-17.27.13:905][793]LogBlueprintUserMessages: Alert
[2015.12.03-17.27.14:909][878]LogBlueprintUserMessages: Alert
[2015.12.03-17.27.15:909][953]LogBlueprintUserMessages: Alert
[2015.12.03-17.27.16:913][ 44]LogBlueprintUserMessages: Alert
[2015.12.03-17.27.17:927][140]LogBlueprintUserMessages: Alert
[2015.12.03-17.27.18:934][198]LogBlueprintUserMessages: Alert
[2015.12.03-17.27.19:939][249]LogBlueprintUserMessages: Alert
[2015.12.03-17.27.20:954][302]LogBlueprintUserMessages: Alert
[2015.12.03-17.27.21:971][357]LogBlueprintUserMessages: Alert
[2015.12.03-17.27.22:972][428]LogBlueprintUserMessages: Alert
[2015.12.03-17.27.23:989][526]LogBlueprintUserMessages: Alert
[2015.12.03-17.27.24:995][618]LogBlueprintUserMessages: Alert
[2015.12.03-17.27.25:035][620]LogBlueprintUserMessages: CollidedOuterSphere
[2015.12.03-17.27.26:004][687]LogBlueprintUserMessages: Alert
[2015.12.03-17.27.27:005][745]LogBlueprintUserMessages: Alert
[2015.12.03-17.27.28:028][808]LogBlueprintUserMessages: Alert
[2015.12.03-17.27.29:024][879]LogBlueprintUserMessages: Alert
[2015.12.03-17.27.30:030][939]LogBlueprintUserMessages: Alert
[2015.12.03-17.27.30:867][  7]LogBlueprintUserMessages: CollidedOuterSphere
[2015.12.03-17.27.31:024][ 15]LogBlueprintUserMessages: Scared
[2015.12.03-17.27.32:025][ 65]LogBlueprintUserMessages: Scared
[2015.12.03-17.27.33:026][124]LogBlueprintUserMessages: Scared
[2015.12.03-17.27.33:769][172]LogSelection:Warning: PIE object was selected: "Brush /Game/Maps/UEDPIE_0_Room.Room:PersistentLevel.RoomSizeSubtraction"
[2015.12.03-17.27.34:029][193]LogBlueprintUserMessages: Scared
[2015.12.03-17.27.34:346][213]LogEditorViewport: Clicking on Actor (LMB): SkeletalMeshActor (Teddy2)
[2015.12.03-17.27.34:346][213]LogSelection:Warning: PIE object was selected: "SkeletalMeshActor /Game/Maps/UEDPIE_0_Room.Room:PersistentLevel.Teddy2"
[2015.12.03-17.27.35:037][264]LogBlueprintUserMessages: Scared
[2015.12.03-17.27.36:047][357]LogBlueprintUserMessages: Scared
[2015.12.03-17.27.37:051][458]LogBlueprintUserMessages: Scared
[2015.12.03-17.27.38:061][535]LogBlueprintUserMessages: Scared
[2015.12.03-17.27.39:065][637]LogBlueprintUserMessages: Scared
[2015.12.03-17.27.39:617][694]LogSelection:Warning: PIE object was selected: "SkeletalMeshComponent /Game/Maps/UEDPIE_0_Room.Room:PersistentLevel.Teddy2.SkeletalMeshComponent0"
[2015.12.03-17.27.40:160][745]LogBlueprintUserMessages: Scared
[2015.12.03-17.27.41:167][847]LogBlueprintUserMessages: Alert
[2015.12.03-17.27.42:178][921]LogBlueprintUserMessages: Alert
[2015.12.03-17.27.43:180][995]LogBlueprintUserMessages: Alert
[2015.12.03-17.27.44:195][ 79]LogBlueprintUserMessages: Alert
[2015.12.03-17.27.45:206][131]LogBlueprintUserMessages: Idle
[2015.12.03-17.27.46:210][202]LogBlueprintUserMessages: Idle
[2015.12.03-17.27.47:224][254]LogBlueprintUserMessages: Idle
[2015.12.03-17.27.48:244][299]LogBlueprintUserMessages: Idle
[2015.12.03-17.27.49:238][369]LogBlueprintUserMessages: Idle
[2015.12.03-17.27.50:239][466]LogBlueprintUserMessages: Idle
[2015.12.03-17.27.51:256][537]LogBlueprintUserMessages: Idle
[2015.12.03-17.27.52:270][590]LogBlueprintUserMessages: Idle
[2015.12.03-17.27.53:288][647]LogBlueprintUserMessages: Idle
[2015.12.03-17.27.54:389][744]LogBlueprintUserMessages: Idle
[2015.12.03-17.27.54:473][744]LogBehaviorTree:Warning: OnCeaseRelevant called on Blueprint service BTS_ChildBrain_C_2 with invalid owner.  OwnerComponent: BTComponent, OwnerComponent Owner: ChildController_C_2.  OwnerComponent has BeginDestroyed flag
[2015.12.03-17.27.54:473][744]LogBehaviorTree:Warning: OnCeaseRelevant called on Blueprint service None with invalid owner.  OwnerComponent: BTComponent, OwnerComponent Owner: BasicAIController_C_2.  OwnerComponent has BeginDestroyed flag
[2015.12.03-17.27.54:478][744]LogParticles: Destroying 0 GPU particle simulations for FXSystem 0x000000000DEC0180
[2015.12.03-17.28.36:400][749]LogEditorViewport: Clicking on Actor (LMB): StaticMeshActor (garbage_cabn)
[2015.12.03-17.28.41:996][405]LogEditorViewport: Clicking on Actor (LMB): ChildPawn_C (ChildPawn)
[2015.12.03-17.28.44:200][661]LogEditorViewport: Clicking on Actor (LMB): ChildPawn_C (ChildPawn)
[2015.12.03-17.28.46:046][855]LogEditorViewport: Clicking on Actor (LMB): StaticMeshActor (baseball_bat ToyChest)
[2015.12.03-17.28.53:680][759]Cmd: TRANSACTION UNDO
[2015.12.03-17.28.53:680][759]LogEditorTransaction: Undo Move Actors
[2015.12.03-17.29.02:314][754]LogEditorViewport: Clicking on Actor (LMB): ChildPawn_C (ChildPawn)
[2015.12.03-17.29.02:820][812]LogEditorViewport: Clicking on Actor (LMB): ChildPawn_C (ChildPawn)
[2015.12.03-17.29.04:910][ 59]LogEditorViewport: Clicking on Actor (LMB): ThirdPersonCharacter_C (ThirdPersonCharacter2)
[2015.12.03-17.29.13:588][ 45]LogEditorViewport: Clicking on Actor (LMB): SkeletalMeshActor (Teddy2)
[2015.12.03-17.29.48:335][798]LogEditorViewport: Clicking on Actor (LMB): StaticMeshActor (baseball_bat ToyChest)
[2015.12.03-17.29.54:384][437]LogEditorViewport: Clicking on Actor (LMB): SkeletalMeshActor (Teddy2)
[2015.12.03-17.30.11:431][182]BlueprintLog: New page: Compile BTT_PatrolTask
[2015.12.03-17.30.11:479][182]LogActorComponent: UnregisterComponent: (/Engine/Transient.CharMoveComp) Not registered. Aborting.
[2015.12.03-17.30.11:514][182]BlueprintEditorCompileResults: Info [0546.68] Compile of BTT_PatrolTask successful! [in 83 ms]
[2015.12.03-17.30.14:093][443]LogPropertyNode: Object is invalid AllowedTypes
[2015.12.03-17.30.33:587][671]BlueprintLog: New page: Compile BTT_AtScarePoint
[2015.12.03-17.30.33:697][671]BlueprintEditorCompileResults: Info [0568.86] Compile of BTT_AtScarePoint successful! [in 110 ms]
[2015.12.03-17.30.34:116][715]Cmd: OBJ SAVEPACKAGE PACKAGE="/Game/Blueprints/Mother/BTT_AtScarePoint" FILE="D:/It's Bedtime/trunk/Content/Blueprints/Mother/BTT_AtScarePoint.uasset" SILENT=true
[2015.12.03-17.30.34:172][715]LogSavePackage: Save=47.606285ms
[2015.12.03-17.30.34:172][715]LogSavePackage: Moving 'D:/It's Bedtime/trunk/Saved/BTT_AtScarePoint168CA49D44E367208D50148010CB5DF9.tmp' to 'D:/It's Bedtime/trunk/Content/Blueprints/Mother/BTT_AtScarePoint.uasset'
[2015.12.03-17.30.35:518][875]LogPropertyNode: Object is invalid AllowedTypes
[2015.12.03-17.31.21:618][727]LogEditorViewport: Clicking on Actor (LMB): StaticMeshActor (TV Stand2)
[2015.12.03-17.31.30:109][601]Cmd: TRANSACTION UNDO
[2015.12.03-17.31.30:109][601]LogEditorTransaction: Undo Move Actors
[2015.12.03-17.31.34:279][947]LogEditorViewport: Clicking on Actor (LMB): StaticMeshActor (skateboard)
[2015.12.03-17.32.14:650][853]LogEditorViewport: Clicking on Actor (LMB): StaticMeshActor (TV Stand2)
[2015.12.03-17.32.37:242][915]LogEditorViewport: Clicking on Actor (LMB): StaticMeshActor (baseball_bat ToyChest)
[2015.12.03-17.32.41:589][394]LogEditorViewport: Clicking on Actor (LMB): StaticMeshActor (TV Stand2)
[2015.12.03-17.33.04:448][727]LogEditorViewport: Clicking on Actor (LMB): SkeletalMeshActor (Teddy2)
[2015.12.03-17.33.13:732][656]LogEditorViewport: Clicking on Actor (LMB): StaticMeshActor (baseball_bat ToyChest)
[2015.12.03-17.33.28:816][160]LogEditorViewport: Clicking on Actor (LMB): SkeletalMeshActor (Teddy2)
[2015.12.03-17.33.32:873][543]LogEditorViewport: Clicking on Actor (LMB): StaticMeshActor (baseball_bat ToyChest)
[2015.12.03-17.33.57:289][929]LogEditorViewport: Clicking on Actor (LMB): SkeletalMeshActor (Teddy2)
[2015.12.03-17.34.02:487][469]LogEditorViewport: Clicking on Actor (LMB): StaticMeshActor (baseball_bat ToyChest)
[2015.12.03-17.34.05:760][792]LogEditorViewport: Clicking on Actor (LMB): SkeletalMeshActor (Teddy2)
[2015.12.03-17.34.08:030][ 36]LogEditorViewport: Clicking on Actor (LMB): StaticMeshActor (baseball_bat ToyChest)
[2015.12.03-17.34.24:859][751]LogEditorViewport: Clicking on Actor (LMB): SkeletalMeshActor (Teddy2)
[2015.12.03-17.34.38:592][213]LogEditorViewport: Clicking on Actor (LMB): BasicAICharacter_C (BasicAICharacter)
[2015.12.03-17.34.39:247][276]LogEditorViewport: Clicking on Actor (LMB): ThirdPersonCharacter_C (ThirdPersonCharacter2)
[2015.12.03-17.37.16:516][597]LogActorComponent: UnregisterComponent: (/Engine/Transient.CharMoveComp) Not registered. Aborting.
[2015.12.03-17.37.16:617][597]Cmd: OBJ SAVEPACKAGE PACKAGE="/Game/Maps/Room" FILE="D:/It's Bedtime/trunk/Saved/Autosaves/Game/Maps/Room_Auto1.umap" SILENT=true AUTOSAVING=true KEEPDIRTY=false
[2015.12.03-17.37.17:236][597]LogSavePackage: Save=596.634094ms
[2015.12.03-17.37.17:236][597]LogSavePackage: Moving 'D:/It's Bedtime/trunk/Saved/Room_Auto10BEFC95B4720ACA6080DD28961B9DB3B.tmp' to 'D:/It's Bedtime/trunk/Saved/Autosaves/Game/Maps/Room_Auto1.umap'
[2015.12.03-17.37.17:242][597]LogFileHelpers: Editor autosave (incl. sublevels) for '/Game/Maps/Room' took 0.726
[2015.12.03-17.37.17:242][597]LogFileHelpers: Editor autosave (incl. sublevels) for all levels took 0.726
[2015.12.03-17.37.17:276][597]OBJ SavePackage: Generating thumbnails for [0] asset(s) in package [/Game/Blueprints/Mother/BasicBehaviorTree] ([1] browsable assets)...
[2015.12.03-17.37.17:276][597]OBJ SavePackage: Finished generating thumbnails for package [/Game/Blueprints/Mother/BasicBehaviorTree]
[2015.12.03-17.37.17:295][597]Cmd: OBJ SAVEPACKAGE PACKAGE="/Game/Blueprints/Mother/BasicBehaviorTree" FILE="D:/It's Bedtime/trunk/Saved/Autosaves/Game/Blueprints/Mother/BasicBehaviorTree_Auto1.uasset" SILENT=false AUTOSAVING=true
[2015.12.03-17.37.17:416][597]LogSavePackage: Save=106.254715ms
[2015.12.03-17.37.17:417][597]LogSavePackage: Moving 'D:/It's Bedtime/trunk/Saved/BasicBehaviorTree_Auto1FD0224A446B01A55B255BA86917A46B2.tmp' to 'D:/It's Bedtime/trunk/Saved/Autosaves/Game/Blueprints/Mother/BasicBehaviorTree_Auto1.uasset'
[2015.12.03-17.37.17:458][597]OBJ SavePackage: Generating thumbnails for [0] asset(s) in package [/Game/Blueprints/Mother/BTT_AtScarePoint] ([1] browsable assets)...
[2015.12.03-17.37.17:458][597]OBJ SavePackage: Finished generating thumbnails for package [/Game/Blueprints/Mother/BTT_AtScarePoint]
[2015.12.03-17.37.17:462][597]Cmd: OBJ SAVEPACKAGE PACKAGE="/Game/Blueprints/Mother/BTT_AtScarePoint" FILE="D:/It's Bedtime/trunk/Saved/Autosaves/Game/Blueprints/Mother/BTT_AtScarePoint_Auto1.uasset" SILENT=false AUTOSAVING=true
[2015.12.03-17.37.17:596][597]LogSavePackage: Save=120.835739ms
[2015.12.03-17.37.17:597][597]LogSavePackage: Moving 'D:/It's Bedtime/trunk/Saved/BTT_AtScarePoint_Auto1EF25A5964363DC90902D588661415EBE.tmp' to 'D:/It's Bedtime/trunk/Saved/Autosaves/Game/Blueprints/Mother/BTT_AtScarePoint_Auto1.uasset'
[2015.12.03-17.37.17:640][597]OBJ SavePackage: Generating thumbnails for [0] asset(s) in package [/Game/Blueprints/Mother/BTT_PatrolTask] ([1] browsable assets)...
[2015.12.03-17.37.17:640][597]OBJ SavePackage: Finished generating thumbnails for package [/Game/Blueprints/Mother/BTT_PatrolTask]
[2015.12.03-17.37.17:645][597]Cmd: OBJ SAVEPACKAGE PACKAGE="/Game/Blueprints/Mother/BTT_PatrolTask" FILE="D:/It's Bedtime/trunk/Saved/Autosaves/Game/Blueprints/Mother/BTT_PatrolTask_Auto1.uasset" SILENT=false AUTOSAVING=true
[2015.12.03-17.37.17:796][597]LogSavePackage: Save=137.829880ms
[2015.12.03-17.37.17:797][597]LogSavePackage: Moving 'D:/It's Bedtime/trunk/Saved/BTT_PatrolTask_Auto1CF5C74C349EA83E806CAC2B68C8C1DE0.tmp' to 'D:/It's Bedtime/trunk/Saved/Autosaves/Game/Blueprints/Mother/BTT_PatrolTask_Auto1.uasset'
[2015.12.03-17.37.17:804][597]LogFileHelpers: Auto-saving content packages took 0.562
[2015.12.03-17.39.14:734][688]LogEditorViewport: Clicking on Actor (LMB): ChildPawn_C (ChildPawn)
[2015.12.03-17.39.17:786][ 21]LogEditorViewport: Clicking on Actor (LMB): SkeletalMeshActor (Teddy2)
[2015.12.03-17.39.24:527][791]LogEditorViewport: Clicking on Actor (LMB): StaticMeshActor (skateboard)
[2015.12.03-17.39.39:736][577]LogEditorViewport: Clicking on Actor (LMB): StaticMeshActor (skateboard)
[2015.12.03-17.42.30:160][638]LogEditorViewport: Clicking on Actor (LMB): StaticMeshActor (garbage_cabn)
[2015.12.03-17.42.31:268][767]LogEditorViewport: Clicking on Actor (LMB): StaticMeshActor (Desk)
[2015.12.03-17.42.43:272][ 88]LogEditorViewport: Clicking on Actor (LMB): ChildPawn_C (ChildPawn)
[2015.12.03-17.42.45:979][385]LogEditorViewport: Clicking on Actor (LMB): SkeletalMeshActor (Teddy2)
[2015.12.03-17.43.19:083][974]LogEditorViewport: Clicking on Actor (LMB): StaticMeshActor (skateboard)
[2015.12.03-17.47.00:654][539]Cmd: OBJ SAVEPACKAGE PACKAGE="/Game/Maps/Room" FILE="D:/It's Bedtime/trunk/Content/Maps/Room.umap" SILENT=true AUTOSAVING=false KEEPDIRTY=false
[2015.12.03-17.47.00:656][539]LogActorComponent: UnregisterComponent: (/Engine/Transient.CharMoveComp) Not registered. Aborting.
[2015.12.03-17.47.01:415][539]LogSavePackage: Save=683.875977ms
[2015.12.03-17.47.01:415][539]LogSavePackage: Moving 'D:/It's Bedtime/trunk/Saved/RoomD6B3D70B4F3A2DD725CD12837F55C647.tmp' to 'D:/It's Bedtime/trunk/Content/Maps/Room.umap'
[2015.12.03-17.47.07:157][988]LogActorComponent: UnregisterComponent: (/Engine/Transient.CharMoveComp) Not registered. Aborting.
[2015.12.03-17.47.08:660][988]Cmd: OBJ SAVEPACKAGE PACKAGE="/Game/Blueprints/Mother/BasicBehaviorTree" FILE="D:/It's Bedtime/trunk/Content/Blueprints/Mother/BasicBehaviorTree.uasset" SILENT=true
[2015.12.03-17.47.08:684][988]LogSavePackage: Save=14.946701ms
[2015.12.03-17.47.08:684][988]LogSavePackage: Moving 'D:/It's Bedtime/trunk/Saved/BasicBehaviorTreeA219BE0B4261F6670764CDA2E2A6CE18.tmp' to 'D:/It's Bedtime/trunk/Content/Blueprints/Mother/BasicBehaviorTree.uasset'
[2015.12.03-17.47.08:692][988]Cmd: OBJ SAVEPACKAGE PACKAGE="/Game/Blueprints/Mother/BTT_AtScarePoint" FILE="D:/It's Bedtime/trunk/Content/Blueprints/Mother/BTT_AtScarePoint.uasset" SILENT=true
[2015.12.03-17.47.08:723][988]LogSavePackage: Save=24.053427ms
[2015.12.03-17.47.08:723][988]LogSavePackage: Moving 'D:/It's Bedtime/trunk/Saved/BTT_AtScarePoint823F0C834CCDA108FCDB0CA714CCD1AE.tmp' to 'D:/It's Bedtime/trunk/Content/Blueprints/Mother/BTT_AtScarePoint.uasset'
[2015.12.03-17.47.08:734][988]Cmd: OBJ SAVEPACKAGE PACKAGE="/Game/Blueprints/Mother/BTT_PatrolTask" FILE="D:/It's Bedtime/trunk/Content/Blueprints/Mother/BTT_PatrolTask.uasset" SILENT=true
[2015.12.03-17.47.08:796][988]LogSavePackage: Save=43.010841ms
[2015.12.03-17.47.08:796][988]LogSavePackage: Moving 'D:/It's Bedtime/trunk/Saved/BTT_PatrolTaskBDA0728D425C9311421E26983604BA02.tmp' to 'D:/It's Bedtime/trunk/Content/Blueprints/Mother/BTT_PatrolTask.uasset'
[2015.12.03-17.47.09:548][989]Cmd: QUIT_EDITOR
[2015.12.03-17.47.09:829][989]LogExit: Preparing to exit.
[2015.12.03-17.47.10:658][989]LogExit: Editor shut down
[2015.12.03-17.47.10:658][989]LogExit: Transaction tracking system shut down
[2015.12.03-17.47.10:667][989]LogParticles: Destroying 0 GPU particle simulations for FXSystem 0x00000000223F3600
[2015.12.03-17.47.10:667][989]LogParticles: Destroying 0 GPU particle simulations for FXSystem 0x000000000F277600
[2015.12.03-17.47.10:668][989]LogParticles: Destroying 0 GPU particle simulations for FXSystem 0x000000000F2779C0
[2015.12.03-17.47.10:669][989]LogParticles: Destroying 0 GPU particle simulations for FXSystem 0x0000000020DD7C40
[2015.12.03-17.47.10:669][989]LogParticles: Destroying 0 GPU particle simulations for FXSystem 0x00000000189EA700
[2015.12.03-17.47.10:669][989]LogParticles: Destroying 0 GPU particle simulations for FXSystem 0x000000002914B6A0
[2015.12.03-17.47.10:719][989]LogParticles: Destroying 0 GPU particle simulations for FXSystem 0x000000000F2EFCE0
[2015.12.03-17.47.10:719][989]LogParticles: Destroying 0 GPU particle simulations for FXSystem 0x0000000029149620
[2015.12.03-17.47.10:771][989]LogExit: Object subsystem successfully closed.
[2015.12.03-17.47.10:833][989]LogModuleManager: Shutting down and abandoning module CrashTracker (178)
[2015.12.03-17.47.10:833][989]LogModuleManager: Shutting down and abandoning module SuperSearch (177)
[2015.12.03-17.47.10:833][989]LogModuleManager: Shutting down and abandoning module SceneOutliner (176)
[2015.12.03-17.47.10:833][989]LogModuleManager: Shutting down and abandoning module EditorWidgets (175)
[2015.12.03-17.47.10:833][989]LogModuleManager: Shutting down and abandoning module CollectionManager (174)
[2015.12.03-17.47.10:834][989]LogModuleManager: Shutting down and abandoning module StatsViewer (173)
[2015.12.03-17.47.10:834][989]LogModuleManager: Shutting down and abandoning module FoliageEdit (172)
[2015.12.03-17.47.10:834][989]LogModuleManager: Shutting down and abandoning module LandscapeEditor (171)
[2015.12.03-17.47.10:834][989]LogModuleManager: Shutting down and abandoning module MeshPaint (170)
[2015.12.03-17.47.10:834][989]LogModuleManager: Shutting down and abandoning module ActorPickerMode (169)
[2015.12.03-17.47.10:834][989]LogModuleManager: Shutting down and abandoning module GeometryMode (168)
[2015.12.03-17.47.10:834][989]LogModuleManager: Shutting down and abandoning module TextureAlignMode (167)
[2015.12.03-17.47.10:834][989]LogModuleManager: Shutting down and abandoning module BspMode (166)
[2015.12.03-17.47.10:834][989]LogModuleManager: Shutting down and abandoning module PlacementMode (165)
[2015.12.03-17.47.10:834][989]LogModuleManager: Shutting down and abandoning module AutomationWorker (164)
[2015.12.03-17.47.10:834][989]LogModuleManager: Shutting down and abandoning module CharacterAI (163)
[2015.12.03-17.47.10:834][989]LogModuleManager: Shutting down and abandoning module SmartSnapping (162)
[2015.12.03-17.47.10:834][989]LogModuleManager: Shutting down and abandoning module ViewportSnapping (161)
[2015.12.03-17.47.10:834][989]LogModuleManager: Shutting down and abandoning module LogVisualizer (160)
[2015.12.03-17.47.10:835][989]LogModuleManager: Shutting down and abandoning module GameProjectGeneration (159)
[2015.12.03-17.47.10:835][989]LogModuleManager: Shutting down and abandoning module IntroTutorials (158)
[2015.12.03-17.47.10:835][989]LogModuleManager: Shutting down and abandoning module EditorLiveStreaming (157)
[2015.12.03-17.47.10:835][989]LogModuleManager: Shutting down and abandoning module HardwareTargeting (156)
[2015.12.03-17.47.10:835][989]LogModuleManager: Shutting down and abandoning module DeviceProfileEditor (155)
[2015.12.03-17.47.10:835][989]LogModuleManager: Shutting down and abandoning module UndoHistory (154)
[2015.12.03-17.47.10:835][989]LogModuleManager: Shutting down and abandoning module GameplayTagsEditor (153)
[2015.12.03-17.47.10:835][989]LogModuleManager: Shutting down and abandoning module UserFeedback (152)
[2015.12.03-17.47.10:835][989]LogModuleManager: Shutting down and abandoning module XmlParser (151)
[2015.12.03-17.47.10:835][989]LogModuleManager: Shutting down and abandoning module Blutility (150)
[2015.12.03-17.47.10:835][989]LogModuleManager: Shutting down and abandoning module IOSPlatformEditor (149)
[2015.12.03-17.47.10:835][989]LogModuleManager: Shutting down and abandoning module IOSRuntimeSettings (148)
[2015.12.03-17.47.10:835][989]LogModuleManager: Shutting down and abandoning module AndroidDeviceDetection (147)
[2015.12.03-17.47.11:731][989]LogModuleManager: Shutting down and abandoning module AndroidPlatformEditor (146)
[2015.12.03-17.47.11:731][989]LogModuleManager: Shutting down and abandoning module AndroidRuntimeSettings (145)
[2015.12.03-17.47.11:731][989]LogModuleManager: Shutting down and abandoning module ProjectTargetPlatformEditor (144)
[2015.12.03-17.47.11:731][989]LogModuleManager: Shutting down and abandoning module ProjectSettingsViewer (143)
[2015.12.03-17.47.11:731][989]LogModuleManager: Shutting down and abandoning module InputBindingEditor (142)
[2015.12.03-17.47.11:732][989]LogModuleManager: Shutting down and abandoning module EditorSettingsViewer (141)
[2015.12.03-17.47.11:732][989]LogModuleManager: Shutting down and abandoning module SettingsEditor (140)
[2015.12.03-17.47.11:732][989]LogModuleManager: Shutting down and abandoning module ProjectLauncher (139)
[2015.12.03-17.47.11:732][989]LogModuleManager: Shutting down and abandoning module SessionFrontend (138)
[2015.12.03-17.47.11:732][989]LogModuleManager: Shutting down and abandoning module ProfilerClient (137)
[2015.12.03-17.47.11:732][989]LogModuleManager: Shutting down and abandoning module TargetDeviceServices (136)
[2015.12.03-17.47.11:732][989]LogModuleManager: Shutting down and abandoning module DeviceManager (135)
[2015.12.03-17.47.11:732][989]LogModuleManager: Shutting down and abandoning module AutomationController (134)
[2015.12.03-17.47.11:732][989]LogModuleManager: Shutting down and abandoning module AutomationWindow (133)
[2015.12.03-17.47.11:732][989]LogModuleManager: Shutting down and abandoning module Layers (132)
[2015.12.03-17.47.11:732][989]LogModuleManager: Shutting down and abandoning module ComponentVisualizers (131)
[2015.12.03-17.47.11:732][989]LogModuleManager: Shutting down and abandoning module DetailCustomizations (130)
[2015.12.03-17.47.11:732][989]LogModuleManager: Shutting down and abandoning module PackagesDialog (129)
[2015.12.03-17.47.11:733][989]LogModuleManager: Shutting down and abandoning module AssetRegistry (128)
[2015.12.03-17.47.11:827][989]LogModuleManager: Shutting down and abandoning module Persona (127)
[2015.12.03-17.47.11:827][989]LogModuleManager: Shutting down and abandoning module SlateReflector (126)
[2015.12.03-17.47.11:827][989]LogModuleManager: Shutting down and abandoning module LevelEditor (125)
[2015.12.03-17.47.11:829][989]LogModuleManager: Shutting down and abandoning module Kismet (124)
[2015.12.03-17.47.11:829][989]LogModuleManager: Shutting down and abandoning module GraphEditor (123)
[2015.12.03-17.47.11:829][989]LogModuleManager: Shutting down and abandoning module ClassViewer (122)
[2015.12.03-17.47.11:829][989]LogModuleManager: Shutting down and abandoning module Toolbox (121)
[2015.12.03-17.47.11:829][989]LogModuleManager: Shutting down and abandoning module ModuleUI (120)
[2015.12.03-17.47.11:830][989]LogModuleManager: Shutting down and abandoning module MovieSceneTools (119)
[2015.12.03-17.47.11:830][989]LogModuleManager: Shutting down and abandoning module OutputLog (118)
[2015.12.03-17.47.11:830][989]LogModuleManager: Shutting down and abandoning module GammaUI (117)
[2015.12.03-17.47.11:830][989]LogModuleManager: Shutting down and abandoning module Documentation (116)
[2015.12.03-17.47.11:830][989]LogModuleManager: Shutting down and abandoning module GameLiveStreaming (115)
[2015.12.03-17.47.11:830][989]LogModuleManager: Shutting down and abandoning module StreamingPauseRendering (114)
[2015.12.03-17.47.11:830][989]LogModuleManager: Shutting down and abandoning module HTTP (113)
[2015.12.03-17.47.11:830][989]LogModuleManager: Shutting down and abandoning module AnalyticsET (112)
[2015.12.03-17.47.11:830][989]LogModuleManager: Shutting down and abandoning module Analytics (111)
[2015.12.03-17.47.11:830][989]LogModuleManager: Shutting down and abandoning module AITestSuite (110)
[2015.12.03-17.47.11:830][989]LogModuleManager: Shutting down and abandoning module GameplayDebugger (109)
[2015.12.03-17.47.11:830][989]LogModuleManager: Shutting down and abandoning module AIModule (108)
[2015.12.03-17.47.11:830][989]LogModuleManager: Shutting down and abandoning module ProfilerService (107)
[2015.12.03-17.47.11:851][989]LogModuleManager: Shutting down and abandoning module TaskGraph (106)
[2015.12.03-17.47.11:851][989]LogModuleManager: Shutting down and abandoning module SlateRemote (105)
[2015.12.03-17.47.11:851][989]LogModuleManager: Shutting down and abandoning module ScriptEditorPlugin (104)
[2015.12.03-17.47.11:851][989]LogModuleManager: Shutting down and abandoning module CustomMeshComponent (103)
[2015.12.03-17.47.11:851][989]LogModuleManager: Shutting down and abandoning module CableComponent (102)
[2015.12.03-17.47.11:851][989]LogModuleManager: Shutting down and abandoning module MessagingDebugger (101)
[2015.12.03-17.47.11:851][989]LogModuleManager: Shutting down and abandoning module MediaPlayerEditor (100)
[2015.12.03-17.47.11:851][989]LogModuleManager: Shutting down and abandoning module SpeedTreeImporter (99)
[2015.12.03-17.47.11:851][989]LogModuleManager: Shutting down and abandoning module PluginsEditor (98)
[2015.12.03-17.47.11:851][989]LogModuleManager: Shutting down and abandoning module MainFrame (97)
[2015.12.03-17.47.11:851][989]LogModuleManager: Shutting down and abandoning module EpicSurvey (96)
[2015.12.03-17.47.11:852][989]LogModuleManager: Shutting down and abandoning module DesktopPlatform (95)
[2015.12.03-17.47.11:852][989]LogModuleManager: Shutting down and abandoning module DirectoryWatcher (94)
[2015.12.03-17.47.11:852][989]LogModuleManager: Shutting down and abandoning module HotReload (93)
[2015.12.03-17.47.11:852][989]LogModuleManager: Shutting down and abandoning module VisualStudioSourceCodeAccess (92)
[2015.12.03-17.47.11:853][989]LogModuleManager: Shutting down and abandoning module UObjectPlugin (91)
[2015.12.03-17.47.11:853][989]LogModuleManager: Shutting down and abandoning module SubversionSourceControl (90)
[2015.12.03-17.47.11:853][989]LogModuleManager: Shutting down and abandoning module PerforceSourceControl (89)
[2015.12.03-17.47.11:853][989]LogModuleManager: Shutting down and abandoning module SourceControl (88)
[2015.12.03-17.47.11:853][989]LogModuleManager: Shutting down and abandoning module GitSourceControl (87)
[2015.12.03-17.47.11:853][989]LogModuleManager: Shutting down and abandoning module BlankPlugin (86)
[2015.12.03-17.47.11:853][989]LogModuleManager: Shutting down and abandoning module PaperTiledImporter (85)
[2015.12.03-17.47.11:853][989]LogModuleManager: Shutting down and abandoning module PaperJsonImporter (84)
[2015.12.03-17.47.11:853][989]LogModuleManager: Shutting down and abandoning module ContentBrowser (83)
[2015.12.03-17.47.11:853][989]LogModuleManager: Shutting down and abandoning module Paper2DEditor (82)
[2015.12.03-17.47.11:854][989]LogModuleManager: Shutting down and abandoning module ObjectOutline (81)
[2015.12.03-17.47.11:854][989]LogModuleManager: Shutting down and abandoning module ScriptPlugin (80)
[2015.12.03-17.47.11:854][989]LogModuleManager: Shutting down and abandoning module UdpMessaging (79)
[2015.12.03-17.47.11:954][989]LogModuleManager: Shutting down and abandoning module Paper2D (78)
[2015.12.03-17.47.11:954][989]LogModuleManager: Shutting down and abandoning module WindowsMoviePlayer (77)
[2015.12.03-17.47.11:954][989]LogModuleManager: Shutting down and abandoning module Media (76)
[2015.12.03-17.47.11:954][989]LogModuleManager: Shutting down and abandoning module WmfMedia (75)
[2015.12.03-17.47.11:954][989]LogModuleManager: Shutting down and abandoning module OnlineBlueprintSupport (74)
[2015.12.03-17.47.11:954][989]LogModuleManager: Shutting down and abandoning module PropertyEditor (73)
[2015.12.03-17.47.11:954][989]LogModuleManager: Shutting down and abandoning module BehaviorTreeEditor (72)
[2015.12.03-17.47.11:954][989]LogModuleManager: Shutting down and abandoning module FunctionalTesting (71)
[2015.12.03-17.47.11:954][989]LogModuleManager: Shutting down and abandoning module CollisionAnalyzer (70)
[2015.12.03-17.47.11:954][989]LogModuleManager: Shutting down and abandoning module WorkspaceMenuStructure (69)
[2015.12.03-17.47.11:955][989]LogModuleManager: Shutting down and abandoning module MessageLog (68)
[2015.12.03-17.47.11:955][989]LogModuleManager: Shutting down and abandoning module Sequencer (67)
[2015.12.03-17.47.11:955][989]LogModuleManager: Shutting down and abandoning module AssetTools (66)
[2015.12.03-17.47.11:955][989]LogModuleManager: Shutting down and abandoning module UMGEditor (65)
[2015.12.03-17.47.11:955][989]LogModuleManager: Shutting down and abandoning module UMG (64)
[2015.12.03-17.47.11:955][989]LogModuleManager: Shutting down and abandoning module Slate (63)
[2015.12.03-17.47.11:955][989]LogModuleManager: Shutting down and abandoning module EditorStyle (62)
[2015.12.03-17.47.11:964][989]LogModuleManager: Shutting down and abandoning module SessionServices (61)
[2015.12.03-17.47.11:964][989]LogModuleManager: Shutting down and abandoning module SourceCodeAccess (60)
[2015.12.03-17.47.11:964][989]LogModuleManager: Shutting down and abandoning module HeadMountedDisplay (59)
[2015.12.03-17.47.11:964][989]LogModuleManager: Shutting down and abandoning module XAudio2 (58)
[2015.12.03-17.47.11:964][989]LogModuleManager: Shutting down and abandoning module Networking (56)
[2015.12.03-17.47.11:964][989]LogModuleManager: Shutting down and abandoning module Core (55)
[2015.12.03-17.47.11:964][989]LogModuleManager: Shutting down and abandoning module KismetCompiler (54)
[2015.12.03-17.47.11:964][989]LogModuleManager: Shutting down and abandoning module PhysXFormats (53)
[2015.12.03-17.47.11:964][989]LogModuleManager: Shutting down and abandoning module MeshUtilities (52)
[2015.12.03-17.47.11:964][989]LogModuleManager: Shutting down and abandoning module DerivedDataCache (51)
[2015.12.03-17.47.12:020][989]LogDerivedDataCache: Shutdown
[2015.12.03-17.47.12:020][989]LogModuleManager: Shutting down and abandoning module ShaderFormatOpenGL (50)
[2015.12.03-17.47.12:020][989]LogModuleManager: Shutting down and abandoning module ShaderFormatD3D (49)
[2015.12.03-17.47.12:020][989]LogModuleManager: Shutting down and abandoning module MetalShaderFormat (48)
[2015.12.03-17.47.12:020][989]LogModuleManager: Shutting down and abandoning module TextureFormatUncompressed (47)
[2015.12.03-17.47.12:020][989]LogModuleManager: Shutting down and abandoning module TextureFormatPVR (46)
[2015.12.03-17.47.12:020][989]LogModuleManager: Shutting down and abandoning module TextureFormatIntelISPCTexComp (45)
[2015.12.03-17.47.12:020][989]LogModuleManager: Shutting down and abandoning module TextureFormatDXT (44)
[2015.12.03-17.47.12:020][989]LogModuleManager: Shutting down and abandoning module ImageWrapper (43)
[2015.12.03-17.47.12:020][989]LogModuleManager: Shutting down and abandoning module TextureFormatASTC (42)
[2015.12.03-17.47.12:020][989]LogModuleManager: Shutting down and abandoning module TextureFormatAndroid (41)
[2015.12.03-17.47.12:020][989]LogModuleManager: Shutting down and abandoning module AudioFormatOpus (40)
[2015.12.03-17.47.12:020][989]LogModuleManager: Shutting down and abandoning module AudioFormatOgg (39)
[2015.12.03-17.47.12:020][989]LogModuleManager: Shutting down and abandoning module AudioFormatADPCM (38)
[2015.12.03-17.47.12:020][989]LogModuleManager: Shutting down and abandoning module LinuxTargetPlatform (37)
[2015.12.03-17.47.12:020][989]LogModuleManager: Shutting down and abandoning module LinuxServerTargetPlatform (36)
[2015.12.03-17.47.12:020][989]LogModuleManager: Shutting down and abandoning module LinuxNoEditorTargetPlatform (35)
[2015.12.03-17.47.12:020][989]LogModuleManager: Shutting down and abandoning module Messaging (34)
[2015.12.03-17.47.12:020][989]LogModuleManager: Shutting down and abandoning module IOSTargetPlatform (33)
[2015.12.03-17.47.12:020][989]LogModuleManager: Shutting down and abandoning module HTML5TargetPlatform (32)
[2015.12.03-17.47.12:020][989]LogModuleManager: Shutting down and abandoning module Android_PVRTCTargetPlatform (31)
[2015.12.03-17.47.12:020][989]LogModuleManager: Shutting down and abandoning module Android_ETC2TargetPlatform (30)
[2015.12.03-17.47.12:020][989]LogModuleManager: Shutting down and abandoning module Android_ETC1TargetPlatform (29)
[2015.12.03-17.47.12:020][989]LogModuleManager: Shutting down and abandoning module Android_ES31TargetPlatform (28)
[2015.12.03-17.47.12:021][989]LogModuleManager: Shutting down and abandoning module Android_DXTTargetPlatform (27)
[2015.12.03-17.47.12:021][989]LogModuleManager: Shutting down and abandoning module Android_ATCTargetPlatform (26)
[2015.12.03-17.47.12:021][989]LogModuleManager: Shutting down and abandoning module AndroidTargetPlatform (25)
[2015.12.03-17.47.12:021][989]LogModuleManager: Shutting down and abandoning module WindowsTargetPlatform (24)
[2015.12.03-17.47.12:021][989]LogModuleManager: Shutting down and abandoning module WindowsServerTargetPlatform (23)
[2015.12.03-17.47.12:021][989]LogModuleManager: Shutting down and abandoning module WindowsNoEditorTargetPlatform (22)
[2015.12.03-17.47.12:021][989]LogModuleManager: Shutting down and abandoning module WindowsClientTargetPlatform (21)
[2015.12.03-17.47.12:021][989]LogModuleManager: Shutting down and abandoning module TargetPlatform (20)
[2015.12.03-17.47.12:021][989]LogModuleManager: Shutting down and abandoning module InputCore (19)
[2015.12.03-17.47.12:021][989]LogModuleManager: Shutting down and abandoning module Settings (18)
[2015.12.03-17.47.12:021][989]LogModuleManager: Shutting down and abandoning module OnlineSubsystem (16)
[2015.12.03-17.47.12:021][989]LogModuleManager: Shutting down and abandoning module OculusRift (15)
[2015.12.03-17.47.12:021][989]LogModuleManager: Shutting down and abandoning module ExampleDeviceProfileSelector (14)
[2015.12.03-17.47.12:021][989]LogModuleManager: Shutting down and abandoning module TextureCompressor (13)
[2015.12.03-17.47.12:021][989]LogModuleManager: Shutting down and abandoning module ShaderCore (12)
[2015.12.03-17.47.12:021][989]LogModuleManager: Shutting down and abandoning module Landscape (11)
[2015.12.03-17.47.12:021][989]LogModuleManager: Shutting down and abandoning module SlateRHIRenderer (10)
[2015.12.03-17.47.12:027][989]LogModuleManager: Shutting down and abandoning module OpenGLDrv (9)
[2015.12.03-17.47.12:027][989]LogModuleManager: Shutting down and abandoning module D3D11RHI (8)
[2015.12.03-17.47.12:027][989]LogModuleManager: Shutting down and abandoning module Renderer (7)
[2015.12.03-17.47.12:027][989]LogModuleManager: Shutting down and abandoning module Engine (6)
[2015.12.03-17.47.12:027][989]LogModuleManager: Shutting down and abandoning module CoreUObject (5)
[2015.12.03-17.47.12:027][989]LogModuleManager: Shutting down and abandoning module NetworkFile (4)
[2015.12.03-17.47.12:027][989]LogModuleManager: Shutting down and abandoning module StreamingFile (3)
[2015.12.03-17.47.12:027][989]LogModuleManager: Shutting down and abandoning module SandboxFile (2)
[2015.12.03-17.47.12:027][989]LogModuleManager: Shutting down and abandoning module PakFile (1)
[2015.12.03-17.47.12:028][989]LogExit: Exiting.
[2015.12.03-17.47.12:053][989]Log file closed, 12/03/15 09:47:12
